<?xml version="1.0" encoding="UTF-8"?>
<testsuite name="ejemplos.WelcomeEmailTest" tests="1" skipped="0" failures="0" errors="0" timestamp="2023-07-11T02:43:13" hostname="DESKTOP-20FA070" time="0.533">
  <properties/>
  <testcase name="rejectsInvalidEmailRecipient()" classname="ejemplos.WelcomeEmailTest" time="0.533"/>
  <system-out><![CDATA[]]></system-out>
  <system-err><![CDATA[]]></system-err>
</testsuite>
