<?xml version="1.0" encoding="UTF-8"?>
<testsuite name="TestRequisito4" tests="1" skipped="0" failures="0" errors="0" timestamp="2023-05-16T07:14:27" hostname="DESKTOP-20FA070" time="0.016">
  <properties/>
  <testcase name="WhenIsFullBoardThenReturnTie()" classname="TestRequisito4" time="0.016"/>
  <system-out><![CDATA[]]></system-out>
  <system-err><![CDATA[]]></system-err>
</testsuite>
