<?xml version="1.0" encoding="UTF-8"?>
<testsuite name="TestRequisito2" tests="1" skipped="0" failures="0" errors="0" timestamp="2023-05-16T03:53:31" hostname="DESKTOP-20FA070" time="0.015">
  <properties/>
  <testcase name="WhenLastTurnWasOThenReturnsX()" classname="TestRequisito2" time="0.015"/>
  <system-out><![CDATA[]]></system-out>
  <system-err><![CDATA[]]></system-err>
</testsuite>
