<?xml version="1.0" encoding="UTF-8"?>
<testsuite name="com.wordz.domain.WordSelectionTest" tests="1" skipped="0" failures="0" errors="0" timestamp="2023-07-04T23:17:08" hostname="DESKTOP-20FA070" time="0.391">
  <properties/>
  <testcase name="selectsWordAtRandom()" classname="com.wordz.domain.WordSelectionTest" time="0.391"/>
  <system-out><![CDATA[]]></system-out>
  <system-err><![CDATA[]]></system-err>
</testsuite>
