<?xml version="1.0" encoding="UTF-8"?>
<testsuite name="Cuando tenemos un pasajero VIP" tests="1" skipped="0" failures="0" errors="0" timestamp="2023-07-12T13:21:39" hostname="DESKTOP-L6DK0R4" time="0.021">
  <properties/>
  <testcase name="Luego puedes agregarlo pero no puede eliminarlo de un vuelo de negocios" classname="AirportTest$BusinessFlightTest$VipPassenger" time="0.021"/>
  <system-out><![CDATA[]]></system-out>
  <system-err><![CDATA[]]></system-err>
</testsuite>
