<?xml version="1.0" encoding="UTF-8"?>
<testsuite name="Cuando tenemos un pasajero VIP" tests="2" skipped="0" failures="0" errors="0" timestamp="2023-07-13T04:28:26" hostname="DESKTOP-20FA070" time="0.04">
  <properties/>
  <testcase name="Luego puedes agregarlo pero no puede eliminarlo de un vuelo premium" classname="AirportTest$PremiumFlightTest$VipPassenger" time="0.036"/>
  <testcase name="Agregar un pasajero Vip que ya esta en lista" classname="AirportTest$PremiumFlightTest$VipPassenger" time="0.003"/>
  <system-out><![CDATA[]]></system-out>
  <system-err><![CDATA[]]></system-err>
</testsuite>
