<?xml version="1.0" encoding="UTF-8"?>
<testsuite name="Cuando tenemos un pasajero regular" tests="2" skipped="0" failures="0" errors="0" timestamp="2023-07-13T04:28:26" hostname="DESKTOP-20FA070" time="0.005">
  <properties/>
  <testcase name="Luego puede agregarlo y eliminarlo de un vuelo economico" classname="AirportTest$EconomyFlightTest$RegularPassenger" time="0.002"/>
  <testcase name="Agregar un pasajero regular que ya esta en lista" classname="AirportTest$EconomyFlightTest$RegularPassenger" time="0.001"/>
  <system-out><![CDATA[]]></system-out>
  <system-err><![CDATA[]]></system-err>
</testsuite>
